timestamp: 2013-05-16T23:30:57.261948
CREATE TABLE auth_user(
    id INTEGER PRIMARY KEY AUTOINCREMENT,
    first_name CHAR(128),
    last_name CHAR(128),
    email CHAR(512),
    password CHAR(512),
    registration_key CHAR(512),
    reset_password_key CHAR(512),
    registration_id CHAR(512)
);
success!
timestamp: 2013-05-16T23:30:57.477690
CREATE TABLE auth_group(
    id INTEGER PRIMARY KEY AUTOINCREMENT,
    role CHAR(512),
    description TEXT
);
success!
timestamp: 2013-05-16T23:30:57.666766
CREATE TABLE auth_membership(
    id INTEGER PRIMARY KEY AUTOINCREMENT,
    user_id INTEGER REFERENCES auth_user(id) ON DELETE CASCADE,
    group_id INTEGER REFERENCES auth_group(id) ON DELETE CASCADE
);
success!
timestamp: 2013-05-16T23:30:57.866804
CREATE TABLE auth_permission(
    id INTEGER PRIMARY KEY AUTOINCREMENT,
    group_id INTEGER REFERENCES auth_group(id) ON DELETE CASCADE,
    name CHAR(512),
    table_name CHAR(512),
    record_id INTEGER
);
success!
timestamp: 2013-05-16T23:30:58.087707
CREATE TABLE auth_event(
    id INTEGER PRIMARY KEY AUTOINCREMENT,
    time_stamp TIMESTAMP,
    client_ip CHAR(512),
    user_id INTEGER REFERENCES auth_user(id) ON DELETE CASCADE,
    origin CHAR(512),
    description TEXT
);
success!
timestamp: 2013-05-16T23:30:58.356747
CREATE TABLE auth_cas(
    id INTEGER PRIMARY KEY AUTOINCREMENT,
    user_id INTEGER REFERENCES auth_user(id) ON DELETE CASCADE,
    created_on TIMESTAMP,
    service CHAR(512),
    ticket CHAR(512),
    renew CHAR(1)
);
success!
timestamp: 2013-05-17T00:08:16.199677
CREATE TABLE auth_users(
    id INTEGER PRIMARY KEY AUTOINCREMENT,
    name CHAR(512),
    username CHAR(32),
    email CHAR(128),
    password CHAR(512),
    registration_key CHAR(128)
);
success!
timestamp: 2013-05-17T00:18:16.268106
ALTER TABLE auth_users ADD first_name CHAR(512);
timestamp: 2013-05-17T00:18:16.555505
ALTER TABLE auth_users ADD last_name CHAR(512);
timestamp: 2013-05-17T15:48:54.889038
CREATE TABLE 911_users(
    id INTEGER PRIMARY KEY AUTOINCREMENT,
    first_name CHAR(512),
    last_name CHAR(512),
    username CHAR(32),
    email CHAR(128),
    password CHAR(512),
    registration_key CHAR(128)
);
timestamp: 2013-05-17T16:00:11.026119
CREATE TABLE 911_users(
    id INTEGER PRIMARY KEY AUTOINCREMENT,
    first_name CHAR(128),
    last_name CHAR(128),
    email CHAR(512),
    password CHAR(512),
    registration_key CHAR(512),
    reset_password_key CHAR(512),
    registration_id CHAR(512)
);
timestamp: 2013-05-17T16:04:06.403994
ALTER TABLE auth_users ADD registration_id CHAR(512);
timestamp: 2013-05-17T16:04:06.835076
ALTER TABLE auth_users ADD reset_password_key CHAR(512);
timestamp: 2013-05-24T22:53:02.066140
CREATE TABLE 911_users(
    id INTEGER PRIMARY KEY AUTOINCREMENT,
    first_name CHAR(512),
    last_name CHAR(512),
    username CHAR(32),
    email CHAR(128)
);
timestamp: 2013-05-24T22:54:07.372437
CREATE TABLE 911_users(
    id INTEGER PRIMARY KEY AUTOINCREMENT,
    first_name CHAR(512),
    last_name CHAR(512),
    username CHAR(32),
    email CHAR(128)
);
timestamp: 2013-05-24T22:59:02.053482
CREATE TABLE users(
    id INTEGER PRIMARY KEY AUTOINCREMENT,
    first_name CHAR(512),
    last_name CHAR(512),
    username CHAR(32),
    email CHAR(128)
);
success!
timestamp: 2013-06-01T17:57:03.828759
CREATE TABLE message(
    id INTEGER PRIMARY KEY AUTOINCREMENT,
    sender CHAR(32),
    reciever CHAR(32)
);
success!
timestamp: 2013-06-01T18:07:58.807541
ALTER TABLE message ADD message CHAR(1000);
timestamp: 2013-06-01T18:07:59.091975
ALTER TABLE message ADD subject CHAR(200);
timestamp: 2013-06-02T00:08:27.118014
ALTER TABLE message ADD read CHAR(1);
timestamp: 2013-06-03T16:46:05.076277
ALTER TABLE message ADD read_f CHAR(1);
timestamp: 2013-06-03T17:10:27.218364
ALTER TABLE users ADD unread_ctr CHAR(512);
timestamp: 2013-06-03T17:13:38.505796
ALTER TABLE auth_users ADD unread_ctr CHAR(512);
timestamp: 2013-06-03T21:24:26.844836
ALTER TABLE message ADD attach CHAR(512);
timestamp: 2013-06-29T14:50:29.109244
CREATE TABLE 911_bassic_info(
    id INTEGER PRIMARY KEY AUTOINCREMENT,
    first_name CHAR(512),
    last_name CHAR(512),
    username CHAR(32),
    email CHAR(512)
);
timestamp: 2013-06-29T14:54:48.417899
CREATE TABLE basic_info(
    id INTEGER PRIMARY KEY AUTOINCREMENT,
    first_name CHAR(512),
    last_name CHAR(512),
    username CHAR(32),
    email CHAR(512)
);
success!
timestamp: 2013-06-29T16:05:24.389757
ALTER TABLE basic_info ADD suffix CHAR(512);
timestamp: 2013-06-29T16:05:24.715884
ALTER TABLE basic_info ADD prefix CHAR(512);
timestamp: 2013-06-29T16:25:09.812336
ALTER TABLE basic_info ADD hometown CHAR(512);
timestamp: 2013-06-29T16:25:10.094718
ALTER TABLE basic_info ADD phone_no INTEGER;
timestamp: 2013-06-29T16:25:10.371893
ALTER TABLE basic_info ADD mobile_no INTEGER;
timestamp: 2013-06-29T16:25:10.608596
ALTER TABLE basic_info ADD chat_im CHAR(512);
timestamp: 2013-06-29T16:25:10.872499
ALTER TABLE basic_info ADD current_locatioin CHAR(512);
timestamp: 2013-06-29T16:25:36.166448
ALTER TABLE basic_info ADD current_location CHAR(512);
timestamp: 2013-06-30T00:32:32.003938
ALTER TABLE basic_info ADD phone_share_with CHAR(512);
timestamp: 2013-06-30T00:32:32.298574
ALTER TABLE basic_info ADD email_share_with CHAR(512);
timestamp: 2013-06-30T01:10:28.395979
CREATE TABLE experience(
    id INTEGER PRIMARY KEY AUTOINCREMENT,
    username CHAR(32),
    post CHAR(512),
    hospital CHAR(512),
    city CHAR(512),
    country CHAR(512),
    start_date DATE,
    end_date DATE,
    description TEXT
);
success!
timestamp: 2013-06-30T01:19:16.249039
CREATE TABLE education(
    id INTEGER PRIMARY KEY AUTOINCREMENT,
    username CHAR(32),
    degree CHAR(512),
    institute CHAR(512),
    city CHAR(512),
    country CHAR(512),
    start_date DATE,
    end_date DATE,
    description TEXT
);
success!
timestamp: 2013-06-30T15:55:46.623906
CREATE TABLE profile_pic(
    id INTEGER PRIMARY KEY AUTOINCREMENT,
    uname CHAR(512),
    file CHAR(512)
);
success!
timestamp: 2013-07-04T22:23:27.281854
CREATE TABLE events(
    id INTEGER PRIMARY KEY AUTOINCREMENT,
    Title CHAR(512),
    City CHAR(512),
    Country CHAR(512),
    EventURL CHAR(512),
    StartsAt TIMESTAMP,
    EndsAt TIMESTAMP,
    EventType CHAR(512),
    Category CHAR(512),
    Discount CHAR(512),
    CreatedOn TIMESTAMP,
    Name CHAR(512),
    Email CHAR(512)
);
success!
timestamp: 2013-07-04T22:23:27.413630
CREATE TABLE case_studies(
    id INTEGER PRIMARY KEY AUTOINCREMENT,
    Name CHAR(512),
    Question TEXT
);
success!
timestamp: 2013-07-05T01:42:07.420680
ALTER TABLE events ADD event_url CHAR(512);
timestamp: 2013-07-05T01:42:07.573865
ALTER TABLE events ADD event_type CHAR(512);
timestamp: 2013-07-05T01:42:07.713545
ALTER TABLE events ADD starts_at TIMESTAMP;
timestamp: 2013-07-05T01:42:07.841814
ALTER TABLE events ADD ends_at TIMESTAMP;
timestamp: 2013-07-05T01:42:08.078239
ALTER TABLE case_studies ADD subject CHAR(512);
timestamp: 2013-07-05T01:48:42.422013
ALTER TABLE events ADD created_on TIMESTAMP;
timestamp: 2013-07-05T04:43:23.000822
ALTER TABLE events ADD read CHAR(1);
timestamp: 2013-07-05T04:43:23.118558
ALTER TABLE events ADD unread_ctr INTEGER;
timestamp: 2013-07-07T23:31:42.044818
CREATE TABLE connection(
    id INTEGER PRIMARY KEY AUTOINCREMENT,
    uid1 CHAR(512),
    uid2 CHAR(512)
);
success!
